;  LST file generated by mikroListExporter - v.2.0 
; Date/Time: 6/28/2018 2:55:06 AM
;----------------------------------------------

;Address Opcode 	ASM
0x0000	0x28DF      	GOTO       223
_seven_seg_c:
;light_sign.c,43 :: 		void seven_seg_c (int i){
;light_sign.c,45 :: 		if (i == 0){
0x0003	0x3000      	MOVLW      0
0x0004	0x1283      	BCF        STATUS, 5
0x0005	0x1303      	BCF        STATUS, 6
0x0006	0x0627      	XORWF      FARG_seven_seg_c_i+1, 0
0x0007	0x1D03      	BTFSS      STATUS, 2
0x0008	0x280B      	GOTO       L__seven_seg_c67
0x0009	0x3000      	MOVLW      0
0x000A	0x0626      	XORWF      FARG_seven_seg_c_i, 0
L__seven_seg_c67:
0x000B	0x1D03      	BTFSS      STATUS, 2
0x000C	0x280F      	GOTO       L_seven_seg_c23
;light_sign.c,46 :: 		portc = 0b01000000;
0x000D	0x3040      	MOVLW      64
0x000E	0x0087      	MOVWF      PORTC
;light_sign.c,47 :: 		}
L_seven_seg_c23:
;light_sign.c,49 :: 		if (i == 1){
0x000F	0x3000      	MOVLW      0
0x0010	0x0627      	XORWF      FARG_seven_seg_c_i+1, 0
0x0011	0x1D03      	BTFSS      STATUS, 2
0x0012	0x2815      	GOTO       L__seven_seg_c68
0x0013	0x3001      	MOVLW      1
0x0014	0x0626      	XORWF      FARG_seven_seg_c_i, 0
L__seven_seg_c68:
0x0015	0x1D03      	BTFSS      STATUS, 2
0x0016	0x281A      	GOTO       L_seven_seg_c24
;light_sign.c,50 :: 		portc = 0b01111001;
0x0017	0x3079      	MOVLW      121
0x0018	0x0087      	MOVWF      PORTC
;light_sign.c,51 :: 		}
0x0019	0x2870      	GOTO       L_seven_seg_c25
L_seven_seg_c24:
;light_sign.c,53 :: 		else if (i == 2){
0x001A	0x3000      	MOVLW      0
0x001B	0x0627      	XORWF      FARG_seven_seg_c_i+1, 0
0x001C	0x1D03      	BTFSS      STATUS, 2
0x001D	0x2820      	GOTO       L__seven_seg_c69
0x001E	0x3002      	MOVLW      2
0x001F	0x0626      	XORWF      FARG_seven_seg_c_i, 0
L__seven_seg_c69:
0x0020	0x1D03      	BTFSS      STATUS, 2
0x0021	0x2825      	GOTO       L_seven_seg_c26
;light_sign.c,54 :: 		PORTc = 0b00100100;
0x0022	0x3024      	MOVLW      36
0x0023	0x0087      	MOVWF      PORTC
;light_sign.c,55 :: 		}
0x0024	0x2870      	GOTO       L_seven_seg_c27
L_seven_seg_c26:
;light_sign.c,57 :: 		else if (i == 3){
0x0025	0x3000      	MOVLW      0
0x0026	0x0627      	XORWF      FARG_seven_seg_c_i+1, 0
0x0027	0x1D03      	BTFSS      STATUS, 2
0x0028	0x282B      	GOTO       L__seven_seg_c70
0x0029	0x3003      	MOVLW      3
0x002A	0x0626      	XORWF      FARG_seven_seg_c_i, 0
L__seven_seg_c70:
0x002B	0x1D03      	BTFSS      STATUS, 2
0x002C	0x2830      	GOTO       L_seven_seg_c28
;light_sign.c,58 :: 		PORTc = 0b00110000;
0x002D	0x3030      	MOVLW      48
0x002E	0x0087      	MOVWF      PORTC
;light_sign.c,59 :: 		}
0x002F	0x2870      	GOTO       L_seven_seg_c29
L_seven_seg_c28:
;light_sign.c,61 :: 		else if (i == 4){
0x0030	0x3000      	MOVLW      0
0x0031	0x0627      	XORWF      FARG_seven_seg_c_i+1, 0
0x0032	0x1D03      	BTFSS      STATUS, 2
0x0033	0x2836      	GOTO       L__seven_seg_c71
0x0034	0x3004      	MOVLW      4
0x0035	0x0626      	XORWF      FARG_seven_seg_c_i, 0
L__seven_seg_c71:
0x0036	0x1D03      	BTFSS      STATUS, 2
0x0037	0x283B      	GOTO       L_seven_seg_c30
;light_sign.c,62 :: 		PORTc = 0b00011001;
0x0038	0x3019      	MOVLW      25
0x0039	0x0087      	MOVWF      PORTC
;light_sign.c,63 :: 		}
0x003A	0x2870      	GOTO       L_seven_seg_c31
L_seven_seg_c30:
;light_sign.c,65 :: 		else if (i == 5){
0x003B	0x3000      	MOVLW      0
0x003C	0x0627      	XORWF      FARG_seven_seg_c_i+1, 0
0x003D	0x1D03      	BTFSS      STATUS, 2
0x003E	0x2841      	GOTO       L__seven_seg_c72
0x003F	0x3005      	MOVLW      5
0x0040	0x0626      	XORWF      FARG_seven_seg_c_i, 0
L__seven_seg_c72:
0x0041	0x1D03      	BTFSS      STATUS, 2
0x0042	0x2846      	GOTO       L_seven_seg_c32
;light_sign.c,66 :: 		PORTc = 0b00010010;
0x0043	0x3012      	MOVLW      18
0x0044	0x0087      	MOVWF      PORTC
;light_sign.c,67 :: 		}
0x0045	0x2870      	GOTO       L_seven_seg_c33
L_seven_seg_c32:
;light_sign.c,69 :: 		else if (i == 6){
0x0046	0x3000      	MOVLW      0
0x0047	0x0627      	XORWF      FARG_seven_seg_c_i+1, 0
0x0048	0x1D03      	BTFSS      STATUS, 2
0x0049	0x284C      	GOTO       L__seven_seg_c73
0x004A	0x3006      	MOVLW      6
0x004B	0x0626      	XORWF      FARG_seven_seg_c_i, 0
L__seven_seg_c73:
0x004C	0x1D03      	BTFSS      STATUS, 2
0x004D	0x2851      	GOTO       L_seven_seg_c34
;light_sign.c,70 :: 		PORTc = 0b00000010;
0x004E	0x3002      	MOVLW      2
0x004F	0x0087      	MOVWF      PORTC
;light_sign.c,71 :: 		}
0x0050	0x2870      	GOTO       L_seven_seg_c35
L_seven_seg_c34:
;light_sign.c,73 :: 		else if (i == 7){
0x0051	0x3000      	MOVLW      0
0x0052	0x0627      	XORWF      FARG_seven_seg_c_i+1, 0
0x0053	0x1D03      	BTFSS      STATUS, 2
0x0054	0x2857      	GOTO       L__seven_seg_c74
0x0055	0x3007      	MOVLW      7
0x0056	0x0626      	XORWF      FARG_seven_seg_c_i, 0
L__seven_seg_c74:
0x0057	0x1D03      	BTFSS      STATUS, 2
0x0058	0x285C      	GOTO       L_seven_seg_c36
;light_sign.c,74 :: 		PORTc = 0b01111000;
0x0059	0x3078      	MOVLW      120
0x005A	0x0087      	MOVWF      PORTC
;light_sign.c,75 :: 		}
0x005B	0x2870      	GOTO       L_seven_seg_c37
L_seven_seg_c36:
;light_sign.c,77 :: 		else if (i == 8){
0x005C	0x3000      	MOVLW      0
0x005D	0x0627      	XORWF      FARG_seven_seg_c_i+1, 0
0x005E	0x1D03      	BTFSS      STATUS, 2
0x005F	0x2862      	GOTO       L__seven_seg_c75
0x0060	0x3008      	MOVLW      8
0x0061	0x0626      	XORWF      FARG_seven_seg_c_i, 0
L__seven_seg_c75:
0x0062	0x1D03      	BTFSS      STATUS, 2
0x0063	0x2866      	GOTO       L_seven_seg_c38
;light_sign.c,78 :: 		PORTc = 0b00000000;
0x0064	0x0187      	CLRF       PORTC
;light_sign.c,79 :: 		}
0x0065	0x2870      	GOTO       L_seven_seg_c39
L_seven_seg_c38:
;light_sign.c,81 :: 		else if (i == 9){
0x0066	0x3000      	MOVLW      0
0x0067	0x0627      	XORWF      FARG_seven_seg_c_i+1, 0
0x0068	0x1D03      	BTFSS      STATUS, 2
0x0069	0x286C      	GOTO       L__seven_seg_c76
0x006A	0x3009      	MOVLW      9
0x006B	0x0626      	XORWF      FARG_seven_seg_c_i, 0
L__seven_seg_c76:
0x006C	0x1D03      	BTFSS      STATUS, 2
0x006D	0x2870      	GOTO       L_seven_seg_c40
;light_sign.c,82 :: 		PORTc = 0b00010000;
0x006E	0x3010      	MOVLW      16
0x006F	0x0087      	MOVWF      PORTC
;light_sign.c,83 :: 		}
L_seven_seg_c40:
L_seven_seg_c39:
L_seven_seg_c37:
L_seven_seg_c35:
L_seven_seg_c33:
L_seven_seg_c31:
L_seven_seg_c29:
L_seven_seg_c27:
L_seven_seg_c25:
;light_sign.c,84 :: 		}
L_end_seven_seg_c:
0x0070	0x0008      	RETURN
; end of _seven_seg_c
_seven_seg_d:
;light_sign.c,85 :: 		void seven_seg_d (int i){
;light_sign.c,87 :: 		if (i == 0){
0x0071	0x3000      	MOVLW      0
0x0072	0x1283      	BCF        STATUS, 5
0x0073	0x1303      	BCF        STATUS, 6
0x0074	0x0627      	XORWF      FARG_seven_seg_d_i+1, 0
0x0075	0x1D03      	BTFSS      STATUS, 2
0x0076	0x2879      	GOTO       L__seven_seg_d78
0x0077	0x3000      	MOVLW      0
0x0078	0x0626      	XORWF      FARG_seven_seg_d_i, 0
L__seven_seg_d78:
0x0079	0x1D03      	BTFSS      STATUS, 2
0x007A	0x287D      	GOTO       L_seven_seg_d41
;light_sign.c,88 :: 		portd = 0b01000000;
0x007B	0x3040      	MOVLW      64
0x007C	0x0088      	MOVWF      PORTD
;light_sign.c,89 :: 		}
L_seven_seg_d41:
;light_sign.c,91 :: 		if (i == 1){
0x007D	0x3000      	MOVLW      0
0x007E	0x0627      	XORWF      FARG_seven_seg_d_i+1, 0
0x007F	0x1D03      	BTFSS      STATUS, 2
0x0080	0x2883      	GOTO       L__seven_seg_d79
0x0081	0x3001      	MOVLW      1
0x0082	0x0626      	XORWF      FARG_seven_seg_d_i, 0
L__seven_seg_d79:
0x0083	0x1D03      	BTFSS      STATUS, 2
0x0084	0x2888      	GOTO       L_seven_seg_d42
;light_sign.c,92 :: 		portd = 0b01111001;
0x0085	0x3079      	MOVLW      121
0x0086	0x0088      	MOVWF      PORTD
;light_sign.c,93 :: 		}
0x0087	0x28DE      	GOTO       L_seven_seg_d43
L_seven_seg_d42:
;light_sign.c,95 :: 		else if (i == 2){
0x0088	0x3000      	MOVLW      0
0x0089	0x0627      	XORWF      FARG_seven_seg_d_i+1, 0
0x008A	0x1D03      	BTFSS      STATUS, 2
0x008B	0x288E      	GOTO       L__seven_seg_d80
0x008C	0x3002      	MOVLW      2
0x008D	0x0626      	XORWF      FARG_seven_seg_d_i, 0
L__seven_seg_d80:
0x008E	0x1D03      	BTFSS      STATUS, 2
0x008F	0x2893      	GOTO       L_seven_seg_d44
;light_sign.c,96 :: 		PORTD = 0b00100100;
0x0090	0x3024      	MOVLW      36
0x0091	0x0088      	MOVWF      PORTD
;light_sign.c,97 :: 		}
0x0092	0x28DE      	GOTO       L_seven_seg_d45
L_seven_seg_d44:
;light_sign.c,99 :: 		else if (i == 3){
0x0093	0x3000      	MOVLW      0
0x0094	0x0627      	XORWF      FARG_seven_seg_d_i+1, 0
0x0095	0x1D03      	BTFSS      STATUS, 2
0x0096	0x2899      	GOTO       L__seven_seg_d81
0x0097	0x3003      	MOVLW      3
0x0098	0x0626      	XORWF      FARG_seven_seg_d_i, 0
L__seven_seg_d81:
0x0099	0x1D03      	BTFSS      STATUS, 2
0x009A	0x289E      	GOTO       L_seven_seg_d46
;light_sign.c,100 :: 		PORTD = 0b00110000;
0x009B	0x3030      	MOVLW      48
0x009C	0x0088      	MOVWF      PORTD
;light_sign.c,101 :: 		}
0x009D	0x28DE      	GOTO       L_seven_seg_d47
L_seven_seg_d46:
;light_sign.c,103 :: 		else if (i == 4){
0x009E	0x3000      	MOVLW      0
0x009F	0x0627      	XORWF      FARG_seven_seg_d_i+1, 0
0x00A0	0x1D03      	BTFSS      STATUS, 2
0x00A1	0x28A4      	GOTO       L__seven_seg_d82
0x00A2	0x3004      	MOVLW      4
0x00A3	0x0626      	XORWF      FARG_seven_seg_d_i, 0
L__seven_seg_d82:
0x00A4	0x1D03      	BTFSS      STATUS, 2
0x00A5	0x28A9      	GOTO       L_seven_seg_d48
;light_sign.c,104 :: 		PORTD = 0b00011001;
0x00A6	0x3019      	MOVLW      25
0x00A7	0x0088      	MOVWF      PORTD
;light_sign.c,105 :: 		}
0x00A8	0x28DE      	GOTO       L_seven_seg_d49
L_seven_seg_d48:
;light_sign.c,107 :: 		else if (i == 5){
0x00A9	0x3000      	MOVLW      0
0x00AA	0x0627      	XORWF      FARG_seven_seg_d_i+1, 0
0x00AB	0x1D03      	BTFSS      STATUS, 2
0x00AC	0x28AF      	GOTO       L__seven_seg_d83
0x00AD	0x3005      	MOVLW      5
0x00AE	0x0626      	XORWF      FARG_seven_seg_d_i, 0
L__seven_seg_d83:
0x00AF	0x1D03      	BTFSS      STATUS, 2
0x00B0	0x28B4      	GOTO       L_seven_seg_d50
;light_sign.c,108 :: 		PORTD = 0b00010010;
0x00B1	0x3012      	MOVLW      18
0x00B2	0x0088      	MOVWF      PORTD
;light_sign.c,109 :: 		}
0x00B3	0x28DE      	GOTO       L_seven_seg_d51
L_seven_seg_d50:
;light_sign.c,111 :: 		else if (i == 6){
0x00B4	0x3000      	MOVLW      0
0x00B5	0x0627      	XORWF      FARG_seven_seg_d_i+1, 0
0x00B6	0x1D03      	BTFSS      STATUS, 2
0x00B7	0x28BA      	GOTO       L__seven_seg_d84
0x00B8	0x3006      	MOVLW      6
0x00B9	0x0626      	XORWF      FARG_seven_seg_d_i, 0
L__seven_seg_d84:
0x00BA	0x1D03      	BTFSS      STATUS, 2
0x00BB	0x28BF      	GOTO       L_seven_seg_d52
;light_sign.c,112 :: 		PORTD = 0b00000010;
0x00BC	0x3002      	MOVLW      2
0x00BD	0x0088      	MOVWF      PORTD
;light_sign.c,113 :: 		}
0x00BE	0x28DE      	GOTO       L_seven_seg_d53
L_seven_seg_d52:
;light_sign.c,115 :: 		else if (i == 7){
0x00BF	0x3000      	MOVLW      0
0x00C0	0x0627      	XORWF      FARG_seven_seg_d_i+1, 0
0x00C1	0x1D03      	BTFSS      STATUS, 2
0x00C2	0x28C5      	GOTO       L__seven_seg_d85
0x00C3	0x3007      	MOVLW      7
0x00C4	0x0626      	XORWF      FARG_seven_seg_d_i, 0
L__seven_seg_d85:
0x00C5	0x1D03      	BTFSS      STATUS, 2
0x00C6	0x28CA      	GOTO       L_seven_seg_d54
;light_sign.c,116 :: 		PORTD = 0b01111000;
0x00C7	0x3078      	MOVLW      120
0x00C8	0x0088      	MOVWF      PORTD
;light_sign.c,117 :: 		}
0x00C9	0x28DE      	GOTO       L_seven_seg_d55
L_seven_seg_d54:
;light_sign.c,119 :: 		else if (i == 8){
0x00CA	0x3000      	MOVLW      0
0x00CB	0x0627      	XORWF      FARG_seven_seg_d_i+1, 0
0x00CC	0x1D03      	BTFSS      STATUS, 2
0x00CD	0x28D0      	GOTO       L__seven_seg_d86
0x00CE	0x3008      	MOVLW      8
0x00CF	0x0626      	XORWF      FARG_seven_seg_d_i, 0
L__seven_seg_d86:
0x00D0	0x1D03      	BTFSS      STATUS, 2
0x00D1	0x28D4      	GOTO       L_seven_seg_d56
;light_sign.c,120 :: 		PORTD = 0b00000000;
0x00D2	0x0188      	CLRF       PORTD
;light_sign.c,121 :: 		}
0x00D3	0x28DE      	GOTO       L_seven_seg_d57
L_seven_seg_d56:
;light_sign.c,123 :: 		else if (i == 9){
0x00D4	0x3000      	MOVLW      0
0x00D5	0x0627      	XORWF      FARG_seven_seg_d_i+1, 0
0x00D6	0x1D03      	BTFSS      STATUS, 2
0x00D7	0x28DA      	GOTO       L__seven_seg_d87
0x00D8	0x3009      	MOVLW      9
0x00D9	0x0626      	XORWF      FARG_seven_seg_d_i, 0
L__seven_seg_d87:
0x00DA	0x1D03      	BTFSS      STATUS, 2
0x00DB	0x28DE      	GOTO       L_seven_seg_d58
;light_sign.c,124 :: 		PORTD = 0b00010000;
0x00DC	0x3010      	MOVLW      16
0x00DD	0x0088      	MOVWF      PORTD
;light_sign.c,125 :: 		}
L_seven_seg_d58:
L_seven_seg_d57:
L_seven_seg_d55:
L_seven_seg_d53:
L_seven_seg_d51:
L_seven_seg_d49:
L_seven_seg_d47:
L_seven_seg_d45:
L_seven_seg_d43:
;light_sign.c,126 :: 		}
L_end_seven_seg_d:
0x00DE	0x0008      	RETURN
; end of _seven_seg_d
_main:
;light_sign.c,3 :: 		void main() {
;light_sign.c,4 :: 		TRISB = 0;
0x00DF	0x1683      	BSF        STATUS, 5
0x00E0	0x1303      	BCF        STATUS, 6
0x00E1	0x0186      	CLRF       TRISB
;light_sign.c,5 :: 		TRISC = 0;
0x00E2	0x0187      	CLRF       TRISC
;light_sign.c,6 :: 		TRISD = 0;
0x00E3	0x0188      	CLRF       TRISD
;light_sign.c,7 :: 		PORTB = 0;
0x00E4	0x1283      	BCF        STATUS, 5
0x00E5	0x0186      	CLRF       PORTB
;light_sign.c,8 :: 		PORTC = 0;
0x00E6	0x0187      	CLRF       PORTC
;light_sign.c,9 :: 		PORTD = 0;
0x00E7	0x0188      	CLRF       PORTD
;light_sign.c,10 :: 		while(1){
L_main0:
;light_sign.c,13 :: 		for(i = 3;i>=0;i--){
0x00E8	0x3003      	MOVLW      3
0x00E9	0x00A2      	MOVWF      main_i_L1
0x00EA	0x3000      	MOVLW      0
0x00EB	0x00A3      	MOVWF      main_i_L1+1
L_main2:
0x00EC	0x3080      	MOVLW      128
0x00ED	0x0623      	XORWF      main_i_L1+1, 0
0x00EE	0x00F0      	MOVWF      R0
0x00EF	0x3080      	MOVLW      128
0x00F0	0x0270      	SUBWF      R0, 0
0x00F1	0x1D03      	BTFSS      STATUS, 2
0x00F2	0x28F5      	GOTO       L__main60
0x00F3	0x3000      	MOVLW      0
0x00F4	0x0222      	SUBWF      main_i_L1, 0
L__main60:
0x00F5	0x1C03      	BTFSS      STATUS, 0
0x00F6	0x2926      	GOTO       L_main3
;light_sign.c,14 :: 		seven_seg_c(i);
0x00F7	0x0822      	MOVF       main_i_L1, 0
0x00F8	0x00A6      	MOVWF      FARG_seven_seg_c_i
0x00F9	0x0823      	MOVF       main_i_L1+1, 0
0x00FA	0x00A7      	MOVWF      FARG_seven_seg_c_i+1
0x00FB	0x2003      	CALL       _seven_seg_c
;light_sign.c,15 :: 		PORTB = 0b00000001;
0x00FC	0x3001      	MOVLW      1
0x00FD	0x0086      	MOVWF      PORTB
;light_sign.c,16 :: 		for(j = 9;j >= 0;j--){
0x00FE	0x3009      	MOVLW      9
0x00FF	0x00A4      	MOVWF      main_j_L1
0x0100	0x3000      	MOVLW      0
0x0101	0x00A5      	MOVWF      main_j_L1+1
L_main5:
0x0102	0x3080      	MOVLW      128
0x0103	0x0625      	XORWF      main_j_L1+1, 0
0x0104	0x00F0      	MOVWF      R0
0x0105	0x3080      	MOVLW      128
0x0106	0x0270      	SUBWF      R0, 0
0x0107	0x1D03      	BTFSS      STATUS, 2
0x0108	0x290B      	GOTO       L__main61
0x0109	0x3000      	MOVLW      0
0x010A	0x0224      	SUBWF      main_j_L1, 0
L__main61:
0x010B	0x1C03      	BTFSS      STATUS, 0
0x010C	0x2921      	GOTO       L_main6
;light_sign.c,17 :: 		seven_seg_d(j);
0x010D	0x0824      	MOVF       main_j_L1, 0
0x010E	0x00A6      	MOVWF      FARG_seven_seg_d_i
0x010F	0x0825      	MOVF       main_j_L1+1, 0
0x0110	0x00A7      	MOVWF      FARG_seven_seg_d_i+1
0x0111	0x2071      	CALL       _seven_seg_d
;light_sign.c,18 :: 		Delay_ms(50);
0x0112	0x3082      	MOVLW      130
0x0113	0x00FC      	MOVWF      R12
0x0114	0x30DD      	MOVLW      221
0x0115	0x00FD      	MOVWF      R13
L_main8:
0x0116	0x0BFD      	DECFSZ     R13, 1
0x0117	0x2916      	GOTO       L_main8
0x0118	0x0BFC      	DECFSZ     R12, 1
0x0119	0x2916      	GOTO       L_main8
0x011A	0x0000      	NOP
0x011B	0x0000      	NOP
;light_sign.c,16 :: 		for(j = 9;j >= 0;j--){
0x011C	0x3001      	MOVLW      1
0x011D	0x02A4      	SUBWF      main_j_L1, 1
0x011E	0x1C03      	BTFSS      STATUS, 0
0x011F	0x03A5      	DECF       main_j_L1+1, 1
;light_sign.c,19 :: 		}
0x0120	0x2902      	GOTO       L_main5
L_main6:
;light_sign.c,13 :: 		for(i = 3;i>=0;i--){
0x0121	0x3001      	MOVLW      1
0x0122	0x02A2      	SUBWF      main_i_L1, 1
0x0123	0x1C03      	BTFSS      STATUS, 0
0x0124	0x03A3      	DECF       main_i_L1+1, 1
;light_sign.c,20 :: 		}
0x0125	0x28EC      	GOTO       L_main2
L_main3:
;light_sign.c,23 :: 		for(i = 0;i>=0;i--){
0x0126	0x01A2      	CLRF       main_i_L1
0x0127	0x01A3      	CLRF       main_i_L1+1
L_main9:
0x0128	0x3080      	MOVLW      128
0x0129	0x0623      	XORWF      main_i_L1+1, 0
0x012A	0x00F0      	MOVWF      R0
0x012B	0x3080      	MOVLW      128
0x012C	0x0270      	SUBWF      R0, 0
0x012D	0x1D03      	BTFSS      STATUS, 2
0x012E	0x2931      	GOTO       L__main62
0x012F	0x3000      	MOVLW      0
0x0130	0x0222      	SUBWF      main_i_L1, 0
L__main62:
0x0131	0x1C03      	BTFSS      STATUS, 0
0x0132	0x2962      	GOTO       L_main10
;light_sign.c,24 :: 		seven_seg_c(i);
0x0133	0x0822      	MOVF       main_i_L1, 0
0x0134	0x00A6      	MOVWF      FARG_seven_seg_c_i
0x0135	0x0823      	MOVF       main_i_L1+1, 0
0x0136	0x00A7      	MOVWF      FARG_seven_seg_c_i+1
0x0137	0x2003      	CALL       _seven_seg_c
;light_sign.c,25 :: 		PORTB = 0b00000010;
0x0138	0x3002      	MOVLW      2
0x0139	0x0086      	MOVWF      PORTB
;light_sign.c,26 :: 		for(j = 5;j >= 0;j--){
0x013A	0x3005      	MOVLW      5
0x013B	0x00A4      	MOVWF      main_j_L1
0x013C	0x3000      	MOVLW      0
0x013D	0x00A5      	MOVWF      main_j_L1+1
L_main12:
0x013E	0x3080      	MOVLW      128
0x013F	0x0625      	XORWF      main_j_L1+1, 0
0x0140	0x00F0      	MOVWF      R0
0x0141	0x3080      	MOVLW      128
0x0142	0x0270      	SUBWF      R0, 0
0x0143	0x1D03      	BTFSS      STATUS, 2
0x0144	0x2947      	GOTO       L__main63
0x0145	0x3000      	MOVLW      0
0x0146	0x0224      	SUBWF      main_j_L1, 0
L__main63:
0x0147	0x1C03      	BTFSS      STATUS, 0
0x0148	0x295D      	GOTO       L_main13
;light_sign.c,27 :: 		seven_seg_d(j);
0x0149	0x0824      	MOVF       main_j_L1, 0
0x014A	0x00A6      	MOVWF      FARG_seven_seg_d_i
0x014B	0x0825      	MOVF       main_j_L1+1, 0
0x014C	0x00A7      	MOVWF      FARG_seven_seg_d_i+1
0x014D	0x2071      	CALL       _seven_seg_d
;light_sign.c,28 :: 		Delay_ms(50);
0x014E	0x3082      	MOVLW      130
0x014F	0x00FC      	MOVWF      R12
0x0150	0x30DD      	MOVLW      221
0x0151	0x00FD      	MOVWF      R13
L_main15:
0x0152	0x0BFD      	DECFSZ     R13, 1
0x0153	0x2952      	GOTO       L_main15
0x0154	0x0BFC      	DECFSZ     R12, 1
0x0155	0x2952      	GOTO       L_main15
0x0156	0x0000      	NOP
0x0157	0x0000      	NOP
;light_sign.c,26 :: 		for(j = 5;j >= 0;j--){
0x0158	0x3001      	MOVLW      1
0x0159	0x02A4      	SUBWF      main_j_L1, 1
0x015A	0x1C03      	BTFSS      STATUS, 0
0x015B	0x03A5      	DECF       main_j_L1+1, 1
;light_sign.c,29 :: 		}
0x015C	0x293E      	GOTO       L_main12
L_main13:
;light_sign.c,23 :: 		for(i = 0;i>=0;i--){
0x015D	0x3001      	MOVLW      1
0x015E	0x02A2      	SUBWF      main_i_L1, 1
0x015F	0x1C03      	BTFSS      STATUS, 0
0x0160	0x03A3      	DECF       main_i_L1+1, 1
;light_sign.c,30 :: 		}
0x0161	0x2928      	GOTO       L_main9
L_main10:
;light_sign.c,32 :: 		for(i = 1;i>=0;i--){
0x0162	0x3001      	MOVLW      1
0x0163	0x00A2      	MOVWF      main_i_L1
0x0164	0x3000      	MOVLW      0
0x0165	0x00A3      	MOVWF      main_i_L1+1
L_main16:
0x0166	0x3080      	MOVLW      128
0x0167	0x0623      	XORWF      main_i_L1+1, 0
0x0168	0x00F0      	MOVWF      R0
0x0169	0x3080      	MOVLW      128
0x016A	0x0270      	SUBWF      R0, 0
0x016B	0x1D03      	BTFSS      STATUS, 2
0x016C	0x296F      	GOTO       L__main64
0x016D	0x3000      	MOVLW      0
0x016E	0x0222      	SUBWF      main_i_L1, 0
L__main64:
0x016F	0x1C03      	BTFSS      STATUS, 0
0x0170	0x29A0      	GOTO       L_main17
;light_sign.c,33 :: 		seven_seg_c(i);
0x0171	0x0822      	MOVF       main_i_L1, 0
0x0172	0x00A6      	MOVWF      FARG_seven_seg_c_i
0x0173	0x0823      	MOVF       main_i_L1+1, 0
0x0174	0x00A7      	MOVWF      FARG_seven_seg_c_i+1
0x0175	0x2003      	CALL       _seven_seg_c
;light_sign.c,34 :: 		PORTB = 0b00000100;
0x0176	0x3004      	MOVLW      4
0x0177	0x0086      	MOVWF      PORTB
;light_sign.c,35 :: 		for(j = 9;j >= 0;j--){
0x0178	0x3009      	MOVLW      9
0x0179	0x00A4      	MOVWF      main_j_L1
0x017A	0x3000      	MOVLW      0
0x017B	0x00A5      	MOVWF      main_j_L1+1
L_main19:
0x017C	0x3080      	MOVLW      128
0x017D	0x0625      	XORWF      main_j_L1+1, 0
0x017E	0x00F0      	MOVWF      R0
0x017F	0x3080      	MOVLW      128
0x0180	0x0270      	SUBWF      R0, 0
0x0181	0x1D03      	BTFSS      STATUS, 2
0x0182	0x2985      	GOTO       L__main65
0x0183	0x3000      	MOVLW      0
0x0184	0x0224      	SUBWF      main_j_L1, 0
L__main65:
0x0185	0x1C03      	BTFSS      STATUS, 0
0x0186	0x299B      	GOTO       L_main20
;light_sign.c,36 :: 		seven_seg_d(j);
0x0187	0x0824      	MOVF       main_j_L1, 0
0x0188	0x00A6      	MOVWF      FARG_seven_seg_d_i
0x0189	0x0825      	MOVF       main_j_L1+1, 0
0x018A	0x00A7      	MOVWF      FARG_seven_seg_d_i+1
0x018B	0x2071      	CALL       _seven_seg_d
;light_sign.c,37 :: 		Delay_ms(50);
0x018C	0x3082      	MOVLW      130
0x018D	0x00FC      	MOVWF      R12
0x018E	0x30DD      	MOVLW      221
0x018F	0x00FD      	MOVWF      R13
L_main22:
0x0190	0x0BFD      	DECFSZ     R13, 1
0x0191	0x2990      	GOTO       L_main22
0x0192	0x0BFC      	DECFSZ     R12, 1
0x0193	0x2990      	GOTO       L_main22
0x0194	0x0000      	NOP
0x0195	0x0000      	NOP
;light_sign.c,35 :: 		for(j = 9;j >= 0;j--){
0x0196	0x3001      	MOVLW      1
0x0197	0x02A4      	SUBWF      main_j_L1, 1
0x0198	0x1C03      	BTFSS      STATUS, 0
0x0199	0x03A5      	DECF       main_j_L1+1, 1
;light_sign.c,38 :: 		}
0x019A	0x297C      	GOTO       L_main19
L_main20:
;light_sign.c,32 :: 		for(i = 1;i>=0;i--){
0x019B	0x3001      	MOVLW      1
0x019C	0x02A2      	SUBWF      main_i_L1, 1
0x019D	0x1C03      	BTFSS      STATUS, 0
0x019E	0x03A3      	DECF       main_i_L1+1, 1
;light_sign.c,39 :: 		}
0x019F	0x2966      	GOTO       L_main16
L_main17:
;light_sign.c,40 :: 		}
0x01A0	0x28E8      	GOTO       L_main0
;light_sign.c,41 :: 		}
L_end_main:
0x01A1	0x29A1      	GOTO       $+0
; end of _main
Symbol List:
//** Routines locations **
//ADDRESS    SIZE    PROCEDURE
//----------------------------------------------
0x0003     [110]    _seven_seg_c
0x0071     [110]    _seven_seg_d
0x00DF     [195]    _main
//** Variables locations ** 
//ADDRESS    SIZE    VARIABLE
//----------------------------------------------
0x0000       [1]    INDF
0x0003       [1]    STATUS
0x0004       [1]    FSR
0x0006       [1]    PORTB
0x0007       [1]    PORTC
0x0008       [1]    PORTD
0x000A       [1]    PCLATH
0x0020       [2]    ___DoICPAddr
0x0022       [2]    main_i_L1
0x0024       [2]    main_j_L1
0x0026       [2]    FARG_seven_seg_c_i
0x0026       [2]    FARG_seven_seg_d_i
0x0070       [1]    R0
0x0071       [1]    R1
0x0072       [1]    R2
0x0073       [1]    R3
0x0074       [1]    R4
0x0075       [1]    R5
0x0076       [1]    R6
0x0077       [1]    R7
0x0078       [1]    R8
0x0079       [1]    R9
0x007A       [1]    R10
0x007B       [1]    R11
0x007C       [1]    R12
0x007D       [1]    R13
0x007E       [1]    R14
0x007F       [1]    R15
0x0086       [1]    TRISB
0x0087       [1]    TRISC
0x0088       [1]    TRISD
